<?xml version="1.0" encoding="UTF-8"?>
<!-- Generated by org.testng.reporters.JUnitXMLReporter -->
<testsuite ignored="0" hostname="sabariPc" failures="0" tests="3" name="BankingApp Test" time="24.0" errors="0" timestamp="18 Aug 2022 14:24:39 GMT">
  <testcase classname="org.inetBanking.testCases.TC_LoginTest_001" name="loginTest" time="1.373"/>
  <testcase classname="org.inetBanking.testCases.TC_AddCustomerTest_003" name="addNewCustomer" time="3.638"/>
  <testcase classname="org.inetBanking.testCases.TC_EditCustomerTest_004" name="editCustomerTest" time="2.931"/>
</testsuite> <!-- BankingApp Test -->
