<?xml version="1.0" encoding="UTF-8"?>
<!-- Generated by org.testng.reporters.JUnitXMLReporter -->
<testsuite ignored="0" hostname="sabariPc" failures="0" tests="2" name="BankingApp Test" time="18.467" errors="0" timestamp="17 Aug 2022 19:01:30 GMT">
  <testcase classname="org.inetBanking.testCases.TC_AddCustomerTest_003" name="addNewCustomer" time="4.13"/>
  <testcase classname="org.inetBanking.testCases.TC_EditCustomerTest_004" name="editCustomerTest" time="3.567"/>
</testsuite> <!-- BankingApp Test -->
