<?xml version="1.0" encoding="UTF-8"?>
<testng-results ignored="0" total="2" passed="2" failed="0" skipped="0">
  <reporter-output>
  </reporter-output>
  <suite started-at="2022-08-17T09:19:51Z" name="InetBankingV1" finished-at="2022-08-17T09:20:12Z" duration-ms="21137">
    <groups>
    </groups>
    <test started-at="2022-08-17T09:19:51Z" name="BankingApp Test" finished-at="2022-08-17T09:20:12Z" duration-ms="21137">
      <class name="org.inetBanking.testCases.TC_LoginTest_001">
        <test-method is-config="true" signature="browserConfig(java.lang.String)[pri:0, instance:org.inetBanking.testCases.TC_LoginTest_001@1c852c0f]" started-at="2022-08-17T09:19:52Z" name="browserConfig" finished-at="2022-08-17T09:20:00Z" duration-ms="8251" status="PASS">
          <params>
            <param index="0">
              <value>
                <![CDATA[chrome]]>
              </value>
            </param>
          </params>
          <reporter-output>
          </reporter-output>
        </test-method> <!-- browserConfig -->
        <test-method signature="loginTest()[pri:0, instance:org.inetBanking.testCases.TC_LoginTest_001@1c852c0f]" started-at="2022-08-17T09:20:00Z" name="loginTest" finished-at="2022-08-17T09:20:02Z" duration-ms="1577" status="PASS">
          <reporter-output>
          </reporter-output>
        </test-method> <!-- loginTest -->
        <test-method is-config="true" signature="browserClose()[pri:0, instance:org.inetBanking.testCases.TC_LoginTest_001@1c852c0f]" started-at="2022-08-17T09:20:02Z" name="browserClose" finished-at="2022-08-17T09:20:02Z" duration-ms="708" status="PASS">
          <reporter-output>
          </reporter-output>
        </test-method> <!-- browserClose -->
      </class> <!-- org.inetBanking.testCases.TC_LoginTest_001 -->
      <class name="org.inetBanking.testCases.TC_AddCustomerTest_003">
        <test-method is-config="true" signature="browserConfig(java.lang.String)[pri:0, instance:org.inetBanking.testCases.TC_AddCustomerTest_003@a37aefe]" started-at="2022-08-17T09:20:02Z" name="browserConfig" finished-at="2022-08-17T09:20:07Z" duration-ms="4938" status="PASS">
          <params>
            <param index="0">
              <value>
                <![CDATA[chrome]]>
              </value>
            </param>
          </params>
          <reporter-output>
          </reporter-output>
        </test-method> <!-- browserConfig -->
        <test-method signature="addNewCustomer()[pri:0, instance:org.inetBanking.testCases.TC_AddCustomerTest_003@a37aefe]" started-at="2022-08-17T09:20:07Z" name="addNewCustomer" finished-at="2022-08-17T09:20:12Z" duration-ms="4485" status="PASS">
          <reporter-output>
          </reporter-output>
        </test-method> <!-- addNewCustomer -->
        <test-method is-config="true" signature="browserClose()[pri:0, instance:org.inetBanking.testCases.TC_AddCustomerTest_003@a37aefe]" started-at="2022-08-17T09:20:12Z" name="browserClose" finished-at="2022-08-17T09:20:12Z" duration-ms="665" status="PASS">
          <reporter-output>
          </reporter-output>
        </test-method> <!-- browserClose -->
      </class> <!-- org.inetBanking.testCases.TC_AddCustomerTest_003 -->
    </test> <!-- BankingApp Test -->
  </suite> <!-- InetBankingV1 -->
</testng-results>
