<?xml version="1.0" encoding="UTF-8"?>
<testng-results ignored="0" total="3" passed="3" failed="0" skipped="0">
  <reporter-output>
  </reporter-output>
  <suite started-at="2022-08-18T14:24:15Z" name="InetBankingV1" finished-at="2022-08-18T14:24:39Z" duration-ms="24000">
    <groups>
    </groups>
    <test started-at="2022-08-18T14:24:15Z" name="BankingApp Test" finished-at="2022-08-18T14:24:39Z" duration-ms="24000">
      <class name="org.inetBanking.testCases.TC_LoginTest_001">
        <test-method is-config="true" signature="browserConfig(java.lang.String)[pri:0, instance:org.inetBanking.testCases.TC_LoginTest_001@6c4980d3]" started-at="2022-08-18T14:24:15Z" name="browserConfig" finished-at="2022-08-18T14:24:21Z" duration-ms="5927" status="PASS">
          <params>
            <param index="0">
              <value>
                <![CDATA[edge]]>
              </value>
            </param>
          </params>
          <reporter-output>
          </reporter-output>
        </test-method> <!-- browserConfig -->
        <test-method signature="loginTest()[pri:0, instance:org.inetBanking.testCases.TC_LoginTest_001@6c4980d3]" started-at="2022-08-18T14:24:21Z" name="loginTest" finished-at="2022-08-18T14:24:23Z" duration-ms="1373" status="PASS">
          <reporter-output>
          </reporter-output>
        </test-method> <!-- loginTest -->
        <test-method is-config="true" signature="browserClose()[pri:0, instance:org.inetBanking.testCases.TC_LoginTest_001@6c4980d3]" started-at="2022-08-18T14:24:23Z" name="browserClose" finished-at="2022-08-18T14:24:23Z" duration-ms="719" status="PASS">
          <reporter-output>
          </reporter-output>
        </test-method> <!-- browserClose -->
      </class> <!-- org.inetBanking.testCases.TC_LoginTest_001 -->
      <class name="org.inetBanking.testCases.TC_EditCustomerTest_004">
        <test-method is-config="true" signature="browserConfig(java.lang.String)[pri:0, instance:org.inetBanking.testCases.TC_EditCustomerTest_004@19c65cdc]" started-at="2022-08-18T14:24:31Z" name="browserConfig" finished-at="2022-08-18T14:24:35Z" duration-ms="4005" status="PASS">
          <params>
            <param index="0">
              <value>
                <![CDATA[edge]]>
              </value>
            </param>
          </params>
          <reporter-output>
          </reporter-output>
        </test-method> <!-- browserConfig -->
        <test-method signature="editCustomerTest()[pri:0, instance:org.inetBanking.testCases.TC_EditCustomerTest_004@19c65cdc]" started-at="2022-08-18T14:24:35Z" name="editCustomerTest" finished-at="2022-08-18T14:24:38Z" duration-ms="2931" status="PASS">
          <reporter-output>
          </reporter-output>
        </test-method> <!-- editCustomerTest -->
        <test-method is-config="true" signature="browserClose()[pri:0, instance:org.inetBanking.testCases.TC_EditCustomerTest_004@19c65cdc]" started-at="2022-08-18T14:24:38Z" name="browserClose" finished-at="2022-08-18T14:24:39Z" duration-ms="718" status="PASS">
          <reporter-output>
          </reporter-output>
        </test-method> <!-- browserClose -->
      </class> <!-- org.inetBanking.testCases.TC_EditCustomerTest_004 -->
      <class name="org.inetBanking.testCases.TC_AddCustomerTest_003">
        <test-method is-config="true" signature="browserConfig(java.lang.String)[pri:0, instance:org.inetBanking.testCases.TC_AddCustomerTest_003@327bcebd]" started-at="2022-08-18T14:24:23Z" name="browserConfig" finished-at="2022-08-18T14:24:27Z" duration-ms="3769" status="PASS">
          <params>
            <param index="0">
              <value>
                <![CDATA[edge]]>
              </value>
            </param>
          </params>
          <reporter-output>
          </reporter-output>
        </test-method> <!-- browserConfig -->
        <test-method signature="addNewCustomer()[pri:0, instance:org.inetBanking.testCases.TC_AddCustomerTest_003@327bcebd]" started-at="2022-08-18T14:24:27Z" name="addNewCustomer" finished-at="2022-08-18T14:24:31Z" duration-ms="3638" status="PASS">
          <reporter-output>
          </reporter-output>
        </test-method> <!-- addNewCustomer -->
        <test-method is-config="true" signature="browserClose()[pri:0, instance:org.inetBanking.testCases.TC_AddCustomerTest_003@327bcebd]" started-at="2022-08-18T14:24:31Z" name="browserClose" finished-at="2022-08-18T14:24:31Z" duration-ms="739" status="PASS">
          <reporter-output>
          </reporter-output>
        </test-method> <!-- browserClose -->
      </class> <!-- org.inetBanking.testCases.TC_AddCustomerTest_003 -->
    </test> <!-- BankingApp Test -->
  </suite> <!-- InetBankingV1 -->
</testng-results>
