<?xml version="1.0" encoding="UTF-8"?>
<testng-results ignored="0" total="2" passed="2" failed="0" skipped="0">
  <reporter-output>
  </reporter-output>
  <suite started-at="2022-08-17T19:01:11Z" name="InetBankingV1" finished-at="2022-08-17T19:01:30Z" duration-ms="18467">
    <groups>
    </groups>
    <test started-at="2022-08-17T19:01:11Z" name="BankingApp Test" finished-at="2022-08-17T19:01:30Z" duration-ms="18467">
      <class name="org.inetBanking.testCases.TC_EditCustomerTest_004">
        <test-method is-config="true" signature="browserConfig(java.lang.String)[pri:0, instance:org.inetBanking.testCases.TC_EditCustomerTest_004@65b104b9]" started-at="2022-08-17T19:01:21Z" name="browserConfig" finished-at="2022-08-17T19:01:25Z" duration-ms="4312" status="PASS">
          <params>
            <param index="0">
              <value>
                <![CDATA[chrome]]>
              </value>
            </param>
          </params>
          <reporter-output>
          </reporter-output>
        </test-method> <!-- browserConfig -->
        <test-method signature="editCustomerTest()[pri:0, instance:org.inetBanking.testCases.TC_EditCustomerTest_004@65b104b9]" started-at="2022-08-17T19:01:25Z" name="editCustomerTest" finished-at="2022-08-17T19:01:29Z" duration-ms="3567" status="PASS">
          <reporter-output>
          </reporter-output>
        </test-method> <!-- editCustomerTest -->
        <test-method is-config="true" signature="browserClose()[pri:0, instance:org.inetBanking.testCases.TC_EditCustomerTest_004@65b104b9]" started-at="2022-08-17T19:01:29Z" name="browserClose" finished-at="2022-08-17T19:01:30Z" duration-ms="659" status="PASS">
          <reporter-output>
          </reporter-output>
        </test-method> <!-- browserClose -->
      </class> <!-- org.inetBanking.testCases.TC_EditCustomerTest_004 -->
      <class name="org.inetBanking.testCases.TC_AddCustomerTest_003">
        <test-method is-config="true" signature="browserConfig(java.lang.String)[pri:0, instance:org.inetBanking.testCases.TC_AddCustomerTest_003@3403e2ac]" started-at="2022-08-17T19:01:11Z" name="browserConfig" finished-at="2022-08-17T19:01:16Z" duration-ms="4889" status="PASS">
          <params>
            <param index="0">
              <value>
                <![CDATA[chrome]]>
              </value>
            </param>
          </params>
          <reporter-output>
          </reporter-output>
        </test-method> <!-- browserConfig -->
        <test-method signature="addNewCustomer()[pri:0, instance:org.inetBanking.testCases.TC_AddCustomerTest_003@3403e2ac]" started-at="2022-08-17T19:01:16Z" name="addNewCustomer" finished-at="2022-08-17T19:01:20Z" duration-ms="4130" status="PASS">
          <reporter-output>
          </reporter-output>
        </test-method> <!-- addNewCustomer -->
        <test-method is-config="true" signature="browserClose()[pri:0, instance:org.inetBanking.testCases.TC_AddCustomerTest_003@3403e2ac]" started-at="2022-08-17T19:01:20Z" name="browserClose" finished-at="2022-08-17T19:01:21Z" duration-ms="716" status="PASS">
          <reporter-output>
          </reporter-output>
        </test-method> <!-- browserClose -->
      </class> <!-- org.inetBanking.testCases.TC_AddCustomerTest_003 -->
    </test> <!-- BankingApp Test -->
  </suite> <!-- InetBankingV1 -->
</testng-results>
